<?xml version="1.0" encoding="utf-8"?><testsuites name="pytest tests"><testsuite name="pytest" errors="0" failures="0" skipped="0" tests="11" time="2.855" timestamp="2026-06-16T21:38:17.156993+00:00" hostname="agent-env-a35ef6e4-187d-4179-8db6-136e7d54b013"><testcase classname="backend.tests.test_payments" name="test_payments_config" time="0.321" /><testcase classname="backend.tests.test_payments" name="test_massage_booking_is_pending_payment" time="0.052" /><testcase classname="backend.tests.test_payments" name="test_massage_db_has_deposit_required" time="0.051" /><testcase classname="backend.tests.test_payments" name="test_haircut_booking_pending_status" time="0.058" /><testcase classname="backend.tests.test_payments" name="test_create_checkout_for_massage" time="0.660" /><testcase classname="backend.tests.test_payments" name="test_payment_status_returns_200" time="0.799" /><testcase classname="backend.tests.test_payments" name="test_checkout_nonexistent_appointment" time="0.049" /><testcase classname="backend.tests.test_payments" name="test_checkout_deposit_already_paid" time="0.105" /><testcase classname="backend.tests.test_payments" name="test_admin_appointments_requires_auth" time="0.046" /><testcase classname="backend.tests.test_payments" name="test_admin_appointments_with_jwt" time="0.376" /><testcase classname="backend.tests.test_payments" name="test_services_endpoint" time="0.055" /></testsuite></testsuites>