<?xml version="1.0" encoding="utf-8"?><testsuites name="pytest tests"><testsuite name="pytest" errors="0" failures="0" skipped="0" tests="17" time="7.997" timestamp="2026-06-16T17:02:05.706009+00:00" hostname="agent-env-a35ef6e4-187d-4179-8db6-136e7d54b013"><testcase classname="backend.tests.test_availability_and_email.TestAvailability" name="test_availability_empty_initial" time="1.274" /><testcase classname="backend.tests.test_availability_and_email.TestAvailability" name="test_availability_no_stylist_param" time="0.243" /><testcase classname="backend.tests.test_availability_and_email.TestBookingConflict" name="test_1_first_booking_carlos_succeeds" time="0.257" /><testcase classname="backend.tests.test_availability_and_email.TestBookingConflict" name="test_2_conflict_same_stylist_same_time" time="0.180" /><testcase classname="backend.tests.test_availability_and_email.TestBookingConflict" name="test_3_different_stylist_same_time_succeeds" time="0.156" /><testcase classname="backend.tests.test_availability_and_email.TestBookingConflict" name="test_4_no_preference_same_time_succeeds" time="0.135" /><testcase classname="backend.tests.test_availability_and_email.TestBookingConflict" name="test_5_second_no_preference_same_time_also_succeeds" time="0.171" /><testcase classname="backend.tests.test_availability_and_email.TestBookingConflict" name="test_6_availability_after_booking_shows_time" time="0.134" /><testcase classname="backend.tests.test_availability_and_email.TestBookingConflict" name="test_7_availability_camille_also_booked" time="0.172" /><testcase classname="backend.tests.test_availability_and_email.TestBookingConflict" name="test_8_availability_chen_is_free" time="0.128" /><testcase classname="backend.tests.test_availability_and_email.TestRegression" name="test_root_api" time="0.177" /><testcase classname="backend.tests.test_availability_and_email.TestRegression" name="test_services" time="0.135" /><testcase classname="backend.tests.test_availability_and_email.TestRegression" name="test_admin_login_good" time="0.442" /><testcase classname="backend.tests.test_availability_and_email.TestRegression" name="test_admin_login_bad" time="0.431" /><testcase classname="backend.tests.test_availability_and_email.TestRegression" name="test_list_requires_auth" time="0.175" /><testcase classname="backend.tests.test_availability_and_email.TestRegression" name="test_patch_and_delete" time="0.146" /><testcase classname="backend.tests.test_availability_and_email.TestEmailSkipLog" name="test_warning_logged_on_booking" time="3.313" /></testsuite></testsuites>